[debug] [2019-06-14T11:49:57.316Z] ----------------------------------------------------------------------
[debug] [2019-06-14T11:49:57.317Z] Command:       D:\nodejs\node.exe C:\Users\jerom\AppData\Roaming\npm\node_modules\firebase-tools\lib\bin\firebase.js serve
[debug] [2019-06-14T11:49:57.318Z] CLI Version:   6.11.0
[debug] [2019-06-14T11:49:57.318Z] Platform:      win32
[debug] [2019-06-14T11:49:57.318Z] Node Version:  v10.15.3
[debug] [2019-06-14T11:49:57.318Z] Time:          Fri Jun 14 2019 13:49:57 GMT+0200 (Central European Summer Time)
[debug] [2019-06-14T11:49:57.318Z] ----------------------------------------------------------------------
[debug] 
[debug] [2019-06-14T11:49:57.324Z] > command requires scopes: ["email","openid","https://www.googleapis.com/auth/cloudplatformprojects.readonly","https://www.googleapis.com/auth/firebase","https://www.googleapis.com/auth/cloud-platform"]
[debug] [2019-06-14T11:49:57.324Z] > authorizing via signed-in user
[debug] [2019-06-14T11:49:57.324Z] [iam] checking project pos-v2-d0e73 for permissions ["firebase.projects.get"]
[debug] [2019-06-14T11:49:57.325Z] >>> HTTP REQUEST POST https://cloudresourcemanager.googleapis.com/v1/projects/pos-v2-d0e73:testIamPermissions  

[debug] [2019-06-14T11:49:57.688Z] <<< HTTP RESPONSE 200
[debug] [2019-06-14T11:49:57.693Z] >>> HTTP REQUEST GET https://cloudresourcemanager.googleapis.com/v1/projects/pos-v2-d0e73  
 
[debug] [2019-06-14T11:49:58.440Z] <<< HTTP RESPONSE 200
[info] 
[info] === Serving from 'D:\sapper\pos'...
[info] 
[info] +  functions: Using node@10 from host.
[debug] [2019-06-14T11:49:58.457Z] >>> HTTP REQUEST GET https://mobilesdk-pa.googleapis.com/v1/projects/147959146223/clients/_:getWebAppConfig  
 
[debug] [2019-06-14T11:49:58.457Z] >>> HTTP REQUEST GET https://mobilesdk-pa.googleapis.com/v1/projects/147959146223:getServerAppConfig  
 
[debug] [2019-06-14T11:49:58.770Z] <<< HTTP RESPONSE 200
[debug] [2019-06-14T11:49:58.778Z] <<< HTTP RESPONSE 200
[info] +  functions: Emulator started at http://localhost:5001
[info] i  functions: Watching "D:\sapper\pos\functions" for Cloud Functions...
[info] i  hosting: Serving hosting files from: static
[info] +  hosting: Local server: http://localhost:5000
[debug] [2019-06-14T11:49:59.034Z] Functions runtime initialized.
[debug] [2019-06-14T11:49:59.034Z] Disabled runtime features: {"functions_config_helper":true,"network_filtering":true,"timeout":true,"memory_limiting":true,"protect_env":true,"admin_stubs":true}
[debug] [2019-06-14T11:49:59.493Z] firebase-admin has been stubbed.
[warn] !  Error: ENOENT: no such file or directory, open 'functions\__sapper__\build\build.json'
    at Object.openSync (fs.js:438:3)
    at Object.readFileSync (fs.js:343:35)
    at get_page_handler (D:\sapper\pos\functions\__sapper__\build\server\server.js:2315:64)
    at middleware (D:\sapper\pos\functions\__sapper__\build\server\server.js:2742:3)
    at Object.<anonymous> (D:\sapper\pos\functions\__sapper__\build\server\server.js:2848:2)
    at Module._compile (internal/modules/cjs/loader.js:701:30)
    at Object.Module._extensions..js (internal/modules/cjs/loader.js:712:10)
    at Module.load (internal/modules/cjs/loader.js:600:32)
    at tryModuleLoad (internal/modules/cjs/loader.js:539:12)
    at Function.Module._load (internal/modules/cjs/loader.js:531:3)
[warn] !  Your function was killed because it raised an unhandled error.
[debug] [2019-06-14T11:52:06.719Z] File D:\sapper\pos\functions\__sapper__\build\server\server.js changed, reloading triggers
[debug] [2019-06-14T11:52:07.975Z] Functions runtime initialized.
[debug] [2019-06-14T11:52:07.976Z] Disabled runtime features: {"functions_config_helper":true,"network_filtering":true,"timeout":true,"memory_limiting":true,"protect_env":true,"admin_stubs":true}
[debug] [2019-06-14T11:52:09.882Z] ----------------------------------------------------------------------
[debug] [2019-06-14T11:52:09.884Z] Command:       D:\nodejs\node.exe C:\Users\jerom\AppData\Roaming\npm\node_modules\firebase-tools\lib\bin\firebase.js serve
[debug] [2019-06-14T11:52:09.885Z] CLI Version:   6.11.0
[debug] [2019-06-14T11:52:09.885Z] Platform:      win32
[debug] [2019-06-14T11:52:09.885Z] Node Version:  v10.15.3
[debug] [2019-06-14T11:52:09.885Z] Time:          Fri Jun 14 2019 13:52:09 GMT+0200 (Central European Summer Time)
[debug] [2019-06-14T11:52:09.885Z] ----------------------------------------------------------------------
[debug] 
[debug] [2019-06-14T11:52:09.891Z] > command requires scopes: ["email","openid","https://www.googleapis.com/auth/cloudplatformprojects.readonly","https://www.googleapis.com/auth/firebase","https://www.googleapis.com/auth/cloud-platform"]
[debug] [2019-06-14T11:52:09.891Z] > authorizing via signed-in user
[debug] [2019-06-14T11:52:09.891Z] [iam] checking project pos-v2-d0e73 for permissions ["firebase.projects.get"]
[debug] [2019-06-14T11:52:09.892Z] >>> HTTP REQUEST POST https://cloudresourcemanager.googleapis.com/v1/projects/pos-v2-d0e73:testIamPermissions  

[debug] [2019-06-14T11:52:10.738Z] <<< HTTP RESPONSE 200
[debug] [2019-06-14T11:52:10.739Z] >>> HTTP REQUEST GET https://cloudresourcemanager.googleapis.com/v1/projects/pos-v2-d0e73  
 
[debug] [2019-06-14T11:52:11.061Z] <<< HTTP RESPONSE 200
[info] 
[info] === Serving from 'D:\sapper\pos'...
[info] 
[info] +  functions: Using node@10 from host.
[debug] [2019-06-14T11:52:11.067Z] >>> HTTP REQUEST GET https://mobilesdk-pa.googleapis.com/v1/projects/147959146223/clients/_:getWebAppConfig  
 
[debug] [2019-06-14T11:52:11.068Z] >>> HTTP REQUEST GET https://mobilesdk-pa.googleapis.com/v1/projects/147959146223:getServerAppConfig  
 
[debug] [2019-06-14T11:52:11.358Z] <<< HTTP RESPONSE 200
[info] +  functions: Emulator started at http://localhost:5001
[debug] [2019-06-14T11:52:11.364Z] <<< HTTP RESPONSE 200
[info] i  functions: Watching "D:\sapper\pos\functions" for Cloud Functions...
[info] i  hosting: Serving hosting files from: static
[info] +  hosting: Local server: http://localhost:5000
[debug] [2019-06-14T11:52:11.626Z] Functions runtime initialized.
[debug] [2019-06-14T11:52:11.627Z] Disabled runtime features: {"functions_config_helper":true,"network_filtering":true,"timeout":true,"memory_limiting":true,"protect_env":true,"admin_stubs":true}
[debug] [2019-06-14T11:52:12.083Z] firebase-admin has been stubbed.
[info] >  functions\__sapper__\build\build.json
[warn] !  Error: ENOENT: no such file or directory, open 'functions\__sapper__\build\build.json'
    at Object.openSync (fs.js:438:3)
    at Object.readFileSync (fs.js:343:35)
    at get_page_handler (D:\sapper\pos\functions\__sapper__\build\server\server.js:2316:64)
    at middleware (D:\sapper\pos\functions\__sapper__\build\server\server.js:2743:3)
    at Object.<anonymous> (D:\sapper\pos\functions\__sapper__\build\server\server.js:2849:2)
    at Module._compile (internal/modules/cjs/loader.js:701:30)
    at Object.Module._extensions..js (internal/modules/cjs/loader.js:712:10)
    at Module.load (internal/modules/cjs/loader.js:600:32)
    at tryModuleLoad (internal/modules/cjs/loader.js:539:12)
    at Function.Module._load (internal/modules/cjs/loader.js:531:3)
[warn] !  Your function was killed because it raised an unhandled error.
[debug] [2019-06-14T11:53:30.494Z] ----------------------------------------------------------------------
[debug] [2019-06-14T11:53:30.495Z] Command:       D:\nodejs\node.exe C:\Users\jerom\AppData\Roaming\npm\node_modules\firebase-tools\lib\bin\firebase.js serve
[debug] [2019-06-14T11:53:30.495Z] CLI Version:   6.11.0
[debug] [2019-06-14T11:53:30.496Z] Platform:      win32
[debug] [2019-06-14T11:53:30.496Z] Node Version:  v10.15.3
[debug] [2019-06-14T11:53:30.496Z] Time:          Fri Jun 14 2019 13:53:30 GMT+0200 (Central European Summer Time)
[debug] [2019-06-14T11:53:30.496Z] ----------------------------------------------------------------------
[debug] 
[debug] [2019-06-14T11:53:30.502Z] > command requires scopes: ["email","openid","https://www.googleapis.com/auth/cloudplatformprojects.readonly","https://www.googleapis.com/auth/firebase","https://www.googleapis.com/auth/cloud-platform"]
[debug] [2019-06-14T11:53:30.502Z] > authorizing via signed-in user
[debug] [2019-06-14T11:53:30.502Z] [iam] checking project pos-v2-d0e73 for permissions ["firebase.projects.get"]
[debug] [2019-06-14T11:53:30.503Z] >>> HTTP REQUEST POST https://cloudresourcemanager.googleapis.com/v1/projects/pos-v2-d0e73:testIamPermissions  

[debug] [2019-06-14T11:53:31.321Z] <<< HTTP RESPONSE 200
[debug] [2019-06-14T11:53:31.322Z] >>> HTTP REQUEST GET https://cloudresourcemanager.googleapis.com/v1/projects/pos-v2-d0e73  
 
[debug] [2019-06-14T11:53:32.091Z] <<< HTTP RESPONSE 200
[info] 
[info] === Serving from 'D:\sapper\pos'...
[info] 
[info] +  functions: Using node@10 from host.
[debug] [2019-06-14T11:53:32.106Z] >>> HTTP REQUEST GET https://mobilesdk-pa.googleapis.com/v1/projects/147959146223/clients/_:getWebAppConfig  
 
[debug] [2019-06-14T11:53:32.106Z] >>> HTTP REQUEST GET https://mobilesdk-pa.googleapis.com/v1/projects/147959146223:getServerAppConfig  
 
[debug] [2019-06-14T11:53:32.438Z] <<< HTTP RESPONSE 200
[info] +  functions: Emulator started at http://localhost:5001
[debug] [2019-06-14T11:53:32.512Z] <<< HTTP RESPONSE 200
[info] i  functions: Watching "D:\sapper\pos\functions" for Cloud Functions...
[info] i  hosting: Serving hosting files from: static
[info] +  hosting: Local server: http://localhost:5000
[debug] [2019-06-14T11:53:32.792Z] Functions runtime initialized.
[debug] [2019-06-14T11:53:32.793Z] Disabled runtime features: {"functions_config_helper":true,"network_filtering":true,"timeout":true,"memory_limiting":true,"protect_env":true,"admin_stubs":true}
[debug] [2019-06-14T11:53:33.250Z] firebase-admin has been stubbed.
[info] >  functions\__sapper__\build\build.json
[warn] !  Error: ENOENT: no such file or directory, open 'functions\__sapper__\build\build.json'
    at Object.openSync (fs.js:438:3)
    at Object.readFileSync (fs.js:343:35)
    at get_page_handler (D:\sapper\pos\functions\__sapper__\build\server\server.js:2316:64)
    at middleware (D:\sapper\pos\functions\__sapper__\build\server\server.js:2743:3)
    at Object.<anonymous> (D:\sapper\pos\functions\__sapper__\build\server\server.js:2849:2)
    at Module._compile (internal/modules/cjs/loader.js:701:30)
    at Object.Module._extensions..js (internal/modules/cjs/loader.js:712:10)
    at Module.load (internal/modules/cjs/loader.js:600:32)
    at tryModuleLoad (internal/modules/cjs/loader.js:539:12)
    at Function.Module._load (internal/modules/cjs/loader.js:531:3)
[warn] !  Your function was killed because it raised an unhandled error.
[debug] [2019-06-14T11:53:46.114Z] ----------------------------------------------------------------------
[debug] [2019-06-14T11:53:46.116Z] Command:       D:\nodejs\node.exe C:\Users\jerom\AppData\Roaming\npm\node_modules\firebase-tools\lib\bin\firebase.js serve
[debug] [2019-06-14T11:53:46.116Z] CLI Version:   6.11.0
[debug] [2019-06-14T11:53:46.116Z] Platform:      win32
[debug] [2019-06-14T11:53:46.116Z] Node Version:  v10.15.3
[debug] [2019-06-14T11:53:46.117Z] Time:          Fri Jun 14 2019 13:53:46 GMT+0200 (Central European Summer Time)
[debug] [2019-06-14T11:53:46.117Z] ----------------------------------------------------------------------
[debug] 
[debug] [2019-06-14T11:53:46.123Z] > command requires scopes: ["email","openid","https://www.googleapis.com/auth/cloudplatformprojects.readonly","https://www.googleapis.com/auth/firebase","https://www.googleapis.com/auth/cloud-platform"]
[debug] [2019-06-14T11:53:46.123Z] > authorizing via signed-in user
[debug] [2019-06-14T11:53:46.123Z] [iam] checking project pos-v2-d0e73 for permissions ["firebase.projects.get"]
[debug] [2019-06-14T11:53:46.124Z] >>> HTTP REQUEST POST https://cloudresourcemanager.googleapis.com/v1/projects/pos-v2-d0e73:testIamPermissions  

[debug] [2019-06-14T11:53:46.903Z] <<< HTTP RESPONSE 200
[debug] [2019-06-14T11:53:46.904Z] >>> HTTP REQUEST GET https://cloudresourcemanager.googleapis.com/v1/projects/pos-v2-d0e73  
 
[debug] [2019-06-14T11:53:47.653Z] <<< HTTP RESPONSE 200
[info] 
[info] === Serving from 'D:\sapper\pos'...
[info] 
[info] +  functions: Using node@10 from host.
[debug] [2019-06-14T11:53:47.670Z] >>> HTTP REQUEST GET https://mobilesdk-pa.googleapis.com/v1/projects/147959146223/clients/_:getWebAppConfig  
 
[debug] [2019-06-14T11:53:47.670Z] >>> HTTP REQUEST GET https://mobilesdk-pa.googleapis.com/v1/projects/147959146223:getServerAppConfig  
 
